<?xml version="1.0" encoding="UTF-8"?>
<testsuites name="TS Product Management Negative" time="44.881" tests="1" failures="0" errors="0">
   <testsuite name="TS Product Management Negative" tests="1" failures="0" errors="0" time="44.881" skipped="0" timestamp="14-02-2024T20:06:13" hostname="asus - LAPTOP-PECE1U4E" id="Test Suites/Negative/TS Product Management Negative">
      <properties>
[...]
</properties>
      <testcase name="Test Cases/Negative Case/TCN003 - Search Product Gagal" time="44.548" classname="Test Cases/Negative Case/TCN003 - Search Product Gagal" status="PASSED">
         <system-out><![CDATA[14-02-2024T20:06:13 - [TEST_CASE][PASSED] - Test Cases/Negative Case/TCN003 - Search Product Gagal: Test Cases/Negative Case/TCN003 - Search Product Gagal

14-02-2024T20:06:13 - [TEST_STEP][PASSED] - startApplication("C:\Users\asus\Downloads\Documents\Compressed\Advantage+demo+3.2.apk", true): Started app at: 'C:\Users\asus\Downloads\Documents\Compressed\Advantage+demo+3.2.apk'

14-02-2024T20:06:14 - [MESSAGE][INFO] - Detected NodeJS location: "C:\Program Files\nodejs\node.exe"

14-02-2024T20:06:20 - [MESSAGE][INFO] - PATH: C:\Program Files\nodejs;

14-02-2024T20:06:20 - [MESSAGE][INFO] - APPIUM_HOME: C:\Users\asus\.appium

14-02-2024T20:06:20 - [MESSAGE][INFO] - appium outlog: E:\Training BRI\Bootcamp IT\Katalon Automation Testing\Automation Project\katalon-finalmobile-TriAndikaMaulana\Reports\20240214_200606\Negative\TS Product Management Negative\20240214_200606\appium.log

14-02-2024T20:06:20 - [MESSAGE][INFO] - appium errlog: E:\Training BRI\Bootcamp IT\Katalon Automation Testing\Automation Project\katalon-finalmobile-TriAndikaMaulana\Reports\20240214_200606\Negative\TS Product Management Negative\20240214_200606\appium_error.log

14-02-2024T20:06:23 - [MESSAGE][INFO] - Appium server started on port 10,435

14-02-2024T20:06:36 - [MESSAGE][PASSED] - Started app at: 'C:\Users\asus\Downloads\Documents\Compressed\Advantage+demo+3.2.apk'

14-02-2024T20:06:36 - [TEST_STEP][PASSED] - setText(findTestObject("Object Repository/search/searchbar"), "asus rog", 10): Text 'asus rog' has been set to element 'Object Repository/search/searchbar'

14-02-2024T20:06:42 - [MESSAGE][PASSED] - Text 'asus rog' has been set to element 'Object Repository/search/searchbar'

14-02-2024T20:06:42 - [TEST_STEP][PASSED] - tap(findTestObject("Object Repository/search/search button"), 10): Tapped on element 'Object Repository/search/search button'

14-02-2024T20:06:43 - [MESSAGE][PASSED] - Tapped on element 'Object Repository/search/search button'

14-02-2024T20:06:43 - [TEST_STEP][PASSED] - result = verifyElementExist(findTestObject("Object Repository/search/android.widget.TextView - - No results for asus rog -"), 0): Element 'Object Repository/search/android.widget.TextView - - No results for asus rog -' is exist

14-02-2024T20:06:43 - [MESSAGE][WARNING] - Timeout '0' is invalid. Using default page load timeout: '30'

14-02-2024T20:06:47 - [MESSAGE][PASSED] - Element 'Object Repository/search/android.widget.TextView - - No results for asus rog -' is exist

14-02-2024T20:06:47 - [TEST_STEP][PASSED] - if (result == true): Close app successfully

14-02-2024T20:06:47 - [TEST_STEP][PASSED] - tap(findTestObject("Object Repository/search/swipebar"), 10): Tapped on element 'Object Repository/search/swipebar'

14-02-2024T20:06:47 - [MESSAGE][PASSED] - Tapped on element 'Object Repository/search/swipebar'

14-02-2024T20:06:47 - [TEST_STEP][PASSED] - tap(findTestObject("Object Repository/search/android.widget.TextView - HOME"), 10): Tapped on element 'Object Repository/search/android.widget.TextView - HOME'

14-02-2024T20:06:48 - [MESSAGE][PASSED] - Tapped on element 'Object Repository/search/android.widget.TextView - HOME'

14-02-2024T20:06:48 - [TEST_STEP][PASSED] - setText(findTestObject("Object Repository/search/searchbar"), "microsoft", 10): Text 'microsoft' has been set to element 'Object Repository/search/searchbar'

14-02-2024T20:06:52 - [MESSAGE][PASSED] - Text 'microsoft' has been set to element 'Object Repository/search/searchbar'

14-02-2024T20:06:52 - [TEST_STEP][PASSED] - tap(findTestObject("Object Repository/search/search button"), 10): Tapped on element 'Object Repository/search/search button'

14-02-2024T20:06:53 - [MESSAGE][PASSED] - Tapped on element 'Object Repository/search/search button'

14-02-2024T20:06:53 - [TEST_STEP][PASSED] - delay(2): Delayed 2 second(s)

14-02-2024T20:06:55 - [MESSAGE][PASSED] - Delayed 2 second(s)

14-02-2024T20:06:55 - [TEST_STEP][PASSED] - closeApplication(): Close app successfully

14-02-2024T20:06:58 - [MESSAGE][PASSED] - Close app successfully]]></system-out>
         <system-err><![CDATA[]]></system-err>
      </testcase>
      <system-out><![CDATA[14-02-2024T20:06:13 - [TEST_SUITE][PASSED] - TS Product Management Negative: Test Cases/Negative Case/TCN003 - Search Product Gagal]]></system-out>
      <system-err><![CDATA[]]></system-err>
   </testsuite>
</testsuites>
