<?xml version="1.0" encoding="UTF-8"?>
<testsuites name="TS Account Management Positive" time="100.608" tests="2" failures="0" errors="0">
   <testsuite name="TS Account Management Positive" tests="2" failures="0" errors="0" time="100.608" skipped="0" timestamp="14-02-2024T19:46:10" hostname="asus - LAPTOP-PECE1U4E" id="Test Suites/TS Account Management Positive">
      <properties>
[...]
</properties>
      <testcase name="Test Cases/Positive Case/TCP001 - Login Sukses" time="45.721" classname="Test Cases/Positive Case/TCP001 - Login Sukses" status="PASSED">
         <system-out><![CDATA[14-02-2024T19:46:10 - [TEST_CASE][PASSED] - Test Cases/Positive Case/TCP001 - Login Sukses: Test Cases/Positive Case/TCP001 - Login Sukses

14-02-2024T19:46:11 - [TEST_STEP][PASSED] - startApplication("C:\Users\asus\Downloads\Documents\Compressed\Advantage+demo+3.2.apk", true): Started app at: 'C:\Users\asus\Downloads\Documents\Compressed\Advantage+demo+3.2.apk'

14-02-2024T19:46:12 - [MESSAGE][INFO] - Detected NodeJS location: "C:\Program Files\nodejs\node.exe"

14-02-2024T19:46:17 - [MESSAGE][INFO] - PATH: C:\Program Files\nodejs;

14-02-2024T19:46:17 - [MESSAGE][INFO] - APPIUM_HOME: C:\Users\asus\.appium

14-02-2024T19:46:17 - [MESSAGE][INFO] - appium outlog: E:\Training BRI\Bootcamp IT\Katalon Automation Testing\Automation Project\katalon-finalmobile-TriAndikaMaulana\Reports\20240214_194604\TS Account Management Positive\20240214_194604\appium.log

14-02-2024T19:46:17 - [MESSAGE][INFO] - appium errlog: E:\Training BRI\Bootcamp IT\Katalon Automation Testing\Automation Project\katalon-finalmobile-TriAndikaMaulana\Reports\20240214_194604\TS Account Management Positive\20240214_194604\appium_error.log

14-02-2024T19:46:21 - [MESSAGE][INFO] - Appium server started on port 3,994

14-02-2024T19:46:37 - [MESSAGE][PASSED] - Started app at: 'C:\Users\asus\Downloads\Documents\Compressed\Advantage+demo+3.2.apk'

14-02-2024T19:46:37 - [TEST_STEP][PASSED] - tap(findTestObject("Object Repository/swipebar"), 10): Tapped on element 'Object Repository/swipebar'

14-02-2024T19:46:40 - [MESSAGE][PASSED] - Tapped on element 'Object Repository/swipebar'

14-02-2024T19:46:40 - [TEST_STEP][PASSED] - tap(findTestObject("Object Repository/loginwidget"), 10): Tapped on element 'Object Repository/loginwidget'

14-02-2024T19:46:41 - [MESSAGE][PASSED] - Tapped on element 'Object Repository/loginwidget'

14-02-2024T19:46:41 - [TEST_STEP][PASSED] - setText(findTestObject("Object Repository/usernamewidget"), username, 10): Text 'kelinci' has been set to element 'Object Repository/usernamewidget'

14-02-2024T19:46:44 - [MESSAGE][PASSED] - Text 'kelinci' has been set to element 'Object Repository/usernamewidget'

14-02-2024T19:46:44 - [TEST_STEP][PASSED] - setText(findTestObject("Object Repository/passwordwidget"), password, 10): Text 'Kelinci1' has been set to element 'Object Repository/passwordwidget'

14-02-2024T19:46:48 - [MESSAGE][PASSED] - Text 'Kelinci1' has been set to element 'Object Repository/passwordwidget'

14-02-2024T19:46:48 - [TEST_STEP][PASSED] - tap(findTestObject("Object Repository/android.widget.Button - LOGIN"), 10): Tapped on element 'Object Repository/android.widget.Button - LOGIN'

14-02-2024T19:46:49 - [MESSAGE][PASSED] - Tapped on element 'Object Repository/android.widget.Button - LOGIN'

14-02-2024T19:46:49 - [TEST_STEP][PASSED] - tap(findTestObject("Object Repository/facerecoginitionlogin.Button - NO"), 10): Tapped on element 'Object Repository/facerecoginitionlogin.Button - NO'

14-02-2024T19:46:52 - [MESSAGE][PASSED] - Tapped on element 'Object Repository/facerecoginitionlogin.Button - NO'

14-02-2024T19:46:52 - [TEST_STEP][PASSED] - delay(2): Delayed 2 second(s)

14-02-2024T19:46:54 - [MESSAGE][PASSED] - Delayed 2 second(s)

14-02-2024T19:46:54 - [TEST_STEP][PASSED] - closeApplication(): Close app successfully

14-02-2024T19:46:56 - [MESSAGE][PASSED] - Close app successfully]]></system-out>
         <system-err><![CDATA[]]></system-err>
      </testcase>
      <testcase name="Test Cases/Positive Case/TCP002 - Register Sukses" time="54.53" classname="Test Cases/Positive Case/TCP002 - Register Sukses" status="PASSED">
         <system-out><![CDATA[14-02-2024T19:46:56 - [TEST_CASE][PASSED] - Test Cases/Positive Case/TCP002 - Register Sukses: Test Cases/Positive Case/TCP002 - Register Sukses

14-02-2024T19:46:56 - [TEST_STEP][PASSED] - startApplication("C:\Users\asus\Downloads\Documents\Compressed\Advantage+demo+3.2.apk", true): Started app at: 'C:\Users\asus\Downloads\Documents\Compressed\Advantage+demo+3.2.apk'

14-02-2024T19:46:57 - [MESSAGE][INFO] - Detected NodeJS location: "C:\Program Files\nodejs\node.exe"

14-02-2024T19:47:02 - [MESSAGE][INFO] - PATH: C:\Program Files\nodejs;

14-02-2024T19:47:02 - [MESSAGE][INFO] - APPIUM_HOME: C:\Users\asus\.appium

14-02-2024T19:47:02 - [MESSAGE][INFO] - appium outlog: E:\Training BRI\Bootcamp IT\Katalon Automation Testing\Automation Project\katalon-finalmobile-TriAndikaMaulana\Reports\20240214_194604\TS Account Management Positive\20240214_194604\appium.log

14-02-2024T19:47:02 - [MESSAGE][INFO] - appium errlog: E:\Training BRI\Bootcamp IT\Katalon Automation Testing\Automation Project\katalon-finalmobile-TriAndikaMaulana\Reports\20240214_194604\TS Account Management Positive\20240214_194604\appium_error.log

14-02-2024T19:47:05 - [MESSAGE][INFO] - Appium server started on port 4,347

14-02-2024T19:47:14 - [MESSAGE][PASSED] - Started app at: 'C:\Users\asus\Downloads\Documents\Compressed\Advantage+demo+3.2.apk'

14-02-2024T19:47:14 - [TEST_STEP][PASSED] - tap(findTestObject("Object Repository/registerpage/swipebar"), 10): Tapped on element 'Object Repository/registerpage/swipebar'

14-02-2024T19:47:18 - [MESSAGE][PASSED] - Tapped on element 'Object Repository/registerpage/swipebar'

14-02-2024T19:47:18 - [TEST_STEP][PASSED] - tap(findTestObject("Object Repository/registerpage/loginwidget"), 10): Tapped on element 'Object Repository/registerpage/loginwidget'

14-02-2024T19:47:19 - [MESSAGE][PASSED] - Tapped on element 'Object Repository/registerpage/loginwidget'

14-02-2024T19:47:19 - [TEST_STEP][PASSED] - tap(findTestObject("Object Repository/registerpage/signup today button"), 10): Tapped on element 'Object Repository/registerpage/signup today button'

14-02-2024T19:47:21 - [MESSAGE][PASSED] - Tapped on element 'Object Repository/registerpage/signup today button'

14-02-2024T19:47:21 - [TEST_STEP][PASSED] - setText(findTestObject("Object Repository/registerpage/usernameregister.EditText"), "tikus", 10): Text 'tikus' has been set to element 'Object Repository/registerpage/usernameregister.EditText'

14-02-2024T19:47:24 - [MESSAGE][PASSED] - Text 'tikus' has been set to element 'Object Repository/registerpage/usernameregister.EditText'

14-02-2024T19:47:24 - [TEST_STEP][PASSED] - setText(findTestObject("Object Repository/registerpage/emailregister.EditText"), "tikus@gmail.com", 10): Text 'tikus@gmail.com' has been set to element 'Object Repository/registerpage/emailregister.EditText'

14-02-2024T19:47:27 - [MESSAGE][PASSED] - Text 'tikus@gmail.com' has been set to element 'Object Repository/registerpage/emailregister.EditText'

14-02-2024T19:47:27 - [TEST_STEP][PASSED] - setText(findTestObject("Object Repository/registerpage/passowrdregister.EditText"), "Tikus1", 10): Text 'Tikus1' has been set to element 'Object Repository/registerpage/passowrdregister.EditText'

14-02-2024T19:47:29 - [MESSAGE][PASSED] - Text 'Tikus1' has been set to element 'Object Repository/registerpage/passowrdregister.EditText'

14-02-2024T19:47:29 - [TEST_STEP][PASSED] - setText(findTestObject("Object Repository/registerpage/confirmpassregister.EditText"), "Tikus1", 10): Text 'Tikus1' has been set to element 'Object Repository/registerpage/confirmpassregister.EditText'

14-02-2024T19:47:31 - [MESSAGE][PASSED] - Text 'Tikus1' has been set to element 'Object Repository/registerpage/confirmpassregister.EditText'

14-02-2024T19:47:31 - [TEST_STEP][PASSED] - hideKeyboard(): Keyboard is hidden

14-02-2024T19:47:34 - [MESSAGE][PASSED] - Keyboard is hidden

14-02-2024T19:47:34 - [TEST_STEP][PASSED] - setText(findTestObject("Object Repository/registerpage/firstname"), "Tikus", 10): Text 'Tikus' has been set to element 'Object Repository/registerpage/firstname'

14-02-2024T19:47:36 - [MESSAGE][PASSED] - Text 'Tikus' has been set to element 'Object Repository/registerpage/firstname'

14-02-2024T19:47:36 - [TEST_STEP][PASSED] - hideKeyboard(): Keyboard is hidden

14-02-2024T19:47:37 - [MESSAGE][PASSED] - Keyboard is hidden

14-02-2024T19:47:37 - [TEST_STEP][PASSED] - scrollToText("City"): Scrolling to text 'City' successfully

14-02-2024T19:47:41 - [MESSAGE][PASSED] - Scrolling to text 'City' successfully

14-02-2024T19:47:41 - [TEST_STEP][PASSED] - setText(findTestObject("Object Repository/registerpage/address"), "Gorong gorong", 10): Text 'Gorong gorong' has been set to element 'Object Repository/registerpage/address'

14-02-2024T19:47:43 - [MESSAGE][PASSED] - Text 'Gorong gorong' has been set to element 'Object Repository/registerpage/address'

14-02-2024T19:47:43 - [TEST_STEP][PASSED] - hideKeyboard(): Keyboard is hidden

14-02-2024T19:47:44 - [MESSAGE][PASSED] - Keyboard is hidden

14-02-2024T19:47:44 - [TEST_STEP][PASSED] - delay(1): Delayed 1 second(s)

14-02-2024T19:47:45 - [MESSAGE][PASSED] - Delayed 1 second(s)

14-02-2024T19:47:45 - [TEST_STEP][PASSED] - scrollToText("REGISTER"): Scrolling to text 'REGISTER' successfully

14-02-2024T19:47:46 - [MESSAGE][PASSED] - Scrolling to text 'REGISTER' successfully

14-02-2024T19:47:46 - [TEST_STEP][PASSED] - tap(findTestObject("Object Repository/registerpage/Button - REGISTER"), 10): Tapped on element 'Object Repository/registerpage/Button - REGISTER'

14-02-2024T19:47:47 - [MESSAGE][PASSED] - Tapped on element 'Object Repository/registerpage/Button - REGISTER'

14-02-2024T19:47:47 - [TEST_STEP][PASSED] - delay(2): Delayed 2 second(s)

14-02-2024T19:47:49 - [MESSAGE][PASSED] - Delayed 2 second(s)

14-02-2024T19:47:49 - [TEST_STEP][PASSED] - closeApplication(): Close app successfully

14-02-2024T19:47:51 - [MESSAGE][PASSED] - Close app successfully]]></system-out>
         <system-err><![CDATA[]]></system-err>
      </testcase>
      <system-out><![CDATA[14-02-2024T19:46:10 - [TEST_SUITE][PASSED] - TS Account Management Positive: Test Cases/Positive Case/TCP002 - Register Sukses]]></system-out>
      <system-err><![CDATA[]]></system-err>
   </testsuite>
</testsuites>
