<?xml version="1.0" encoding="UTF-8"?>
<testsuites name="TS Account Management Negative" time="157.888" tests="4" failures="0" errors="0">
   <testsuite name="TS Account Management Negative" tests="4" failures="0" errors="0" time="157.888" skipped="0" timestamp="14-02-2024T20:08:41" hostname="asus - LAPTOP-PECE1U4E" id="Test Suites/Negative/TS Account Management Negative">
      <properties>
[...]
</properties>
      <testcase name="Test Cases/Negative Case/TCN001 - Login Gagal" time="39.178" classname="Test Cases/Negative Case/TCN001 - Login Gagal" status="PASSED">
         <system-out><![CDATA[14-02-2024T20:08:41 - [TEST_CASE][PASSED] - Test Cases/Negative Case/TCN001 - Login Gagal: Test Cases/Negative Case/TCN001 - Login Gagal

14-02-2024T20:08:42 - [TEST_STEP][PASSED] - startApplication("C:\Users\asus\Downloads\Documents\Compressed\Advantage+demo+3.2.apk", true): Started app at: 'C:\Users\asus\Downloads\Documents\Compressed\Advantage+demo+3.2.apk'

14-02-2024T20:08:43 - [MESSAGE][INFO] - Detected NodeJS location: "C:\Program Files\nodejs\node.exe"

14-02-2024T20:08:48 - [MESSAGE][INFO] - PATH: C:\Program Files\nodejs;

14-02-2024T20:08:48 - [MESSAGE][INFO] - APPIUM_HOME: C:\Users\asus\.appium

14-02-2024T20:08:48 - [MESSAGE][INFO] - appium outlog: E:\Training BRI\Bootcamp IT\Katalon Automation Testing\Automation Project\katalon-finalmobile-TriAndikaMaulana\Reports\20240214_200834\Negative\TS Account Management Negative\20240214_200834\appium.log

14-02-2024T20:08:48 - [MESSAGE][INFO] - appium errlog: E:\Training BRI\Bootcamp IT\Katalon Automation Testing\Automation Project\katalon-finalmobile-TriAndikaMaulana\Reports\20240214_200834\Negative\TS Account Management Negative\20240214_200834\appium_error.log

14-02-2024T20:08:51 - [MESSAGE][INFO] - Appium server started on port 11,094

14-02-2024T20:09:04 - [MESSAGE][PASSED] - Started app at: 'C:\Users\asus\Downloads\Documents\Compressed\Advantage+demo+3.2.apk'

14-02-2024T20:09:04 - [TEST_STEP][PASSED] - tap(findTestObject("Object Repository/swipebar"), 10): Tapped on element 'Object Repository/swipebar'

14-02-2024T20:09:07 - [MESSAGE][PASSED] - Tapped on element 'Object Repository/swipebar'

14-02-2024T20:09:07 - [TEST_STEP][PASSED] - tap(findTestObject("Object Repository/loginwidget"), 10): Tapped on element 'Object Repository/loginwidget'

14-02-2024T20:09:08 - [MESSAGE][PASSED] - Tapped on element 'Object Repository/loginwidget'

14-02-2024T20:09:08 - [TEST_STEP][PASSED] - setText(findTestObject("Object Repository/usernamewidget"), username, 10): Text 'harimau' has been set to element 'Object Repository/usernamewidget'

14-02-2024T20:09:12 - [MESSAGE][PASSED] - Text 'harimau' has been set to element 'Object Repository/usernamewidget'

14-02-2024T20:09:12 - [TEST_STEP][PASSED] - setText(findTestObject("Object Repository/passwordwidget"), password, 10): Text 'Harimau1' has been set to element 'Object Repository/passwordwidget'

14-02-2024T20:09:14 - [MESSAGE][PASSED] - Text 'Harimau1' has been set to element 'Object Repository/passwordwidget'

14-02-2024T20:09:14 - [TEST_STEP][PASSED] - tap(findTestObject("Object Repository/android.widget.Button - LOGIN"), 10): Tapped on element 'Object Repository/android.widget.Button - LOGIN'

14-02-2024T20:09:15 - [MESSAGE][PASSED] - Tapped on element 'Object Repository/android.widget.Button - LOGIN'

14-02-2024T20:09:15 - [TEST_STEP][PASSED] - delay(3): Delayed 3 second(s)

14-02-2024T20:09:18 - [MESSAGE][PASSED] - Delayed 3 second(s)

14-02-2024T20:09:18 - [TEST_STEP][PASSED] - verifyElementVisible(findTestObject("Object Repository/Incorrect user name or password"), 0): Element 'Object Repository/Incorrect user name or password' is visible

14-02-2024T20:09:18 - [MESSAGE][WARNING] - Timeout '0' is invalid. Using default page load timeout: '30'

14-02-2024T20:09:19 - [MESSAGE][PASSED] - Element 'Object Repository/Incorrect user name or password' is visible

14-02-2024T20:09:19 - [TEST_STEP][PASSED] - closeApplication(): Close app successfully

14-02-2024T20:09:21 - [MESSAGE][PASSED] - Close app successfully]]></system-out>
         <system-err><![CDATA[]]></system-err>
      </testcase>
      <testcase name="Test Cases/Negative Case/TCN001 - Login Gagal" time="35.552" classname="Test Cases/Negative Case/TCN001 - Login Gagal" status="PASSED">
         <system-out><![CDATA[14-02-2024T20:09:21 - [TEST_CASE][PASSED] - Test Cases/Negative Case/TCN001 - Login Gagal: Test Cases/Negative Case/TCN001 - Login Gagal

14-02-2024T20:09:21 - [TEST_STEP][PASSED] - startApplication("C:\Users\asus\Downloads\Documents\Compressed\Advantage+demo+3.2.apk", true): Started app at: 'C:\Users\asus\Downloads\Documents\Compressed\Advantage+demo+3.2.apk'

14-02-2024T20:09:21 - [MESSAGE][INFO] - Detected NodeJS location: "C:\Program Files\nodejs\node.exe"

14-02-2024T20:09:26 - [MESSAGE][INFO] - PATH: C:\Program Files\nodejs;

14-02-2024T20:09:26 - [MESSAGE][INFO] - APPIUM_HOME: C:\Users\asus\.appium

14-02-2024T20:09:26 - [MESSAGE][INFO] - appium outlog: E:\Training BRI\Bootcamp IT\Katalon Automation Testing\Automation Project\katalon-finalmobile-TriAndikaMaulana\Reports\20240214_200834\Negative\TS Account Management Negative\20240214_200834\appium.log

14-02-2024T20:09:26 - [MESSAGE][INFO] - appium errlog: E:\Training BRI\Bootcamp IT\Katalon Automation Testing\Automation Project\katalon-finalmobile-TriAndikaMaulana\Reports\20240214_200834\Negative\TS Account Management Negative\20240214_200834\appium_error.log

14-02-2024T20:09:29 - [MESSAGE][INFO] - Appium server started on port 11,387

14-02-2024T20:09:39 - [MESSAGE][PASSED] - Started app at: 'C:\Users\asus\Downloads\Documents\Compressed\Advantage+demo+3.2.apk'

14-02-2024T20:09:39 - [TEST_STEP][PASSED] - tap(findTestObject("Object Repository/swipebar"), 10): Tapped on element 'Object Repository/swipebar'

14-02-2024T20:09:43 - [MESSAGE][PASSED] - Tapped on element 'Object Repository/swipebar'

14-02-2024T20:09:43 - [TEST_STEP][PASSED] - tap(findTestObject("Object Repository/loginwidget"), 10): Tapped on element 'Object Repository/loginwidget'

14-02-2024T20:09:43 - [MESSAGE][PASSED] - Tapped on element 'Object Repository/loginwidget'

14-02-2024T20:09:43 - [TEST_STEP][PASSED] - setText(findTestObject("Object Repository/usernamewidget"), username, 10): Text 'angsa' has been set to element 'Object Repository/usernamewidget'

14-02-2024T20:09:47 - [MESSAGE][PASSED] - Text 'angsa' has been set to element 'Object Repository/usernamewidget'

14-02-2024T20:09:47 - [TEST_STEP][PASSED] - setText(findTestObject("Object Repository/passwordwidget"), password, 10): Text 'Angsa1' has been set to element 'Object Repository/passwordwidget'

14-02-2024T20:09:50 - [MESSAGE][PASSED] - Text 'Angsa1' has been set to element 'Object Repository/passwordwidget'

14-02-2024T20:09:50 - [TEST_STEP][PASSED] - tap(findTestObject("Object Repository/android.widget.Button - LOGIN"), 10): Tapped on element 'Object Repository/android.widget.Button - LOGIN'

14-02-2024T20:09:50 - [MESSAGE][PASSED] - Tapped on element 'Object Repository/android.widget.Button - LOGIN'

14-02-2024T20:09:50 - [TEST_STEP][PASSED] - delay(3): Delayed 3 second(s)

14-02-2024T20:09:53 - [MESSAGE][PASSED] - Delayed 3 second(s)

14-02-2024T20:09:53 - [TEST_STEP][PASSED] - verifyElementVisible(findTestObject("Object Repository/Incorrect user name or password"), 0): Element 'Object Repository/Incorrect user name or password' is visible

14-02-2024T20:09:54 - [MESSAGE][WARNING] - Timeout '0' is invalid. Using default page load timeout: '30'

14-02-2024T20:09:54 - [MESSAGE][PASSED] - Element 'Object Repository/Incorrect user name or password' is visible

14-02-2024T20:09:54 - [TEST_STEP][PASSED] - closeApplication(): Close app successfully

14-02-2024T20:09:56 - [MESSAGE][PASSED] - Close app successfully]]></system-out>
         <system-err><![CDATA[]]></system-err>
      </testcase>
      <testcase name="Test Cases/Negative Case/TCN001 - Login Gagal" time="35.055" classname="Test Cases/Negative Case/TCN001 - Login Gagal" status="PASSED">
         <system-out><![CDATA[14-02-2024T20:09:56 - [TEST_CASE][PASSED] - Test Cases/Negative Case/TCN001 - Login Gagal: Test Cases/Negative Case/TCN001 - Login Gagal

14-02-2024T20:09:56 - [TEST_STEP][PASSED] - startApplication("C:\Users\asus\Downloads\Documents\Compressed\Advantage+demo+3.2.apk", true): Started app at: 'C:\Users\asus\Downloads\Documents\Compressed\Advantage+demo+3.2.apk'

14-02-2024T20:09:57 - [MESSAGE][INFO] - Detected NodeJS location: "C:\Program Files\nodejs\node.exe"

14-02-2024T20:10:02 - [MESSAGE][INFO] - PATH: C:\Program Files\nodejs;

14-02-2024T20:10:02 - [MESSAGE][INFO] - APPIUM_HOME: C:\Users\asus\.appium

14-02-2024T20:10:02 - [MESSAGE][INFO] - appium outlog: E:\Training BRI\Bootcamp IT\Katalon Automation Testing\Automation Project\katalon-finalmobile-TriAndikaMaulana\Reports\20240214_200834\Negative\TS Account Management Negative\20240214_200834\appium.log

14-02-2024T20:10:02 - [MESSAGE][INFO] - appium errlog: E:\Training BRI\Bootcamp IT\Katalon Automation Testing\Automation Project\katalon-finalmobile-TriAndikaMaulana\Reports\20240214_200834\Negative\TS Account Management Negative\20240214_200834\appium_error.log

14-02-2024T20:10:04 - [MESSAGE][INFO] - Appium server started on port 11,651

14-02-2024T20:10:14 - [MESSAGE][PASSED] - Started app at: 'C:\Users\asus\Downloads\Documents\Compressed\Advantage+demo+3.2.apk'

14-02-2024T20:10:14 - [TEST_STEP][PASSED] - tap(findTestObject("Object Repository/swipebar"), 10): Tapped on element 'Object Repository/swipebar'

14-02-2024T20:10:18 - [MESSAGE][PASSED] - Tapped on element 'Object Repository/swipebar'

14-02-2024T20:10:18 - [TEST_STEP][PASSED] - tap(findTestObject("Object Repository/loginwidget"), 10): Tapped on element 'Object Repository/loginwidget'

14-02-2024T20:10:18 - [MESSAGE][PASSED] - Tapped on element 'Object Repository/loginwidget'

14-02-2024T20:10:18 - [TEST_STEP][PASSED] - setText(findTestObject("Object Repository/usernamewidget"), username, 10): Text 'trenggiling' has been set to element 'Object Repository/usernamewidget'

14-02-2024T20:10:22 - [MESSAGE][PASSED] - Text 'trenggiling' has been set to element 'Object Repository/usernamewidget'

14-02-2024T20:10:22 - [TEST_STEP][PASSED] - setText(findTestObject("Object Repository/passwordwidget"), password, 10): Text 'Trenggiling1' has been set to element 'Object Repository/passwordwidget'

14-02-2024T20:10:25 - [MESSAGE][PASSED] - Text 'Trenggiling1' has been set to element 'Object Repository/passwordwidget'

14-02-2024T20:10:25 - [TEST_STEP][PASSED] - tap(findTestObject("Object Repository/android.widget.Button - LOGIN"), 10): Tapped on element 'Object Repository/android.widget.Button - LOGIN'

14-02-2024T20:10:26 - [MESSAGE][PASSED] - Tapped on element 'Object Repository/android.widget.Button - LOGIN'

14-02-2024T20:10:26 - [TEST_STEP][PASSED] - delay(3): Delayed 3 second(s)

14-02-2024T20:10:29 - [MESSAGE][PASSED] - Delayed 3 second(s)

14-02-2024T20:10:29 - [TEST_STEP][PASSED] - verifyElementVisible(findTestObject("Object Repository/Incorrect user name or password"), 0): Element 'Object Repository/Incorrect user name or password' is visible

14-02-2024T20:10:29 - [MESSAGE][WARNING] - Timeout '0' is invalid. Using default page load timeout: '30'

14-02-2024T20:10:29 - [MESSAGE][PASSED] - Element 'Object Repository/Incorrect user name or password' is visible

14-02-2024T20:10:29 - [TEST_STEP][PASSED] - closeApplication(): Close app successfully

14-02-2024T20:10:31 - [MESSAGE][PASSED] - Close app successfully]]></system-out>
         <system-err><![CDATA[]]></system-err>
      </testcase>
      <testcase name="Test Cases/Negative Case/TCN002 - Register Gagal" time="47.639" classname="Test Cases/Negative Case/TCN002 - Register Gagal" status="PASSED">
         <system-out><![CDATA[14-02-2024T20:10:31 - [TEST_CASE][PASSED] - Test Cases/Negative Case/TCN002 - Register Gagal: Test Cases/Negative Case/TCN002 - Register Gagal

14-02-2024T20:10:31 - [TEST_STEP][PASSED] - startApplication("C:\Users\asus\Downloads\Documents\Compressed\Advantage+demo+3.2.apk", true): Started app at: 'C:\Users\asus\Downloads\Documents\Compressed\Advantage+demo+3.2.apk'

14-02-2024T20:10:32 - [MESSAGE][INFO] - Detected NodeJS location: "C:\Program Files\nodejs\node.exe"

14-02-2024T20:10:37 - [MESSAGE][INFO] - PATH: C:\Program Files\nodejs;

14-02-2024T20:10:37 - [MESSAGE][INFO] - APPIUM_HOME: C:\Users\asus\.appium

14-02-2024T20:10:37 - [MESSAGE][INFO] - appium outlog: E:\Training BRI\Bootcamp IT\Katalon Automation Testing\Automation Project\katalon-finalmobile-TriAndikaMaulana\Reports\20240214_200834\Negative\TS Account Management Negative\20240214_200834\appium.log

14-02-2024T20:10:37 - [MESSAGE][INFO] - appium errlog: E:\Training BRI\Bootcamp IT\Katalon Automation Testing\Automation Project\katalon-finalmobile-TriAndikaMaulana\Reports\20240214_200834\Negative\TS Account Management Negative\20240214_200834\appium_error.log

14-02-2024T20:10:40 - [MESSAGE][INFO] - Appium server started on port 11,921

14-02-2024T20:10:49 - [MESSAGE][PASSED] - Started app at: 'C:\Users\asus\Downloads\Documents\Compressed\Advantage+demo+3.2.apk'

14-02-2024T20:10:49 - [TEST_STEP][PASSED] - tap(findTestObject("Object Repository/registerpage/swipebar"), 10): Tapped on element 'Object Repository/registerpage/swipebar'

14-02-2024T20:10:53 - [MESSAGE][PASSED] - Tapped on element 'Object Repository/registerpage/swipebar'

14-02-2024T20:10:53 - [TEST_STEP][PASSED] - tap(findTestObject("Object Repository/registerpage/loginwidget"), 10): Tapped on element 'Object Repository/registerpage/loginwidget'

14-02-2024T20:10:54 - [MESSAGE][PASSED] - Tapped on element 'Object Repository/registerpage/loginwidget'

14-02-2024T20:10:54 - [TEST_STEP][PASSED] - tap(findTestObject("Object Repository/registerpage/signup today button"), 10): Tapped on element 'Object Repository/registerpage/signup today button'

14-02-2024T20:10:56 - [MESSAGE][PASSED] - Tapped on element 'Object Repository/registerpage/signup today button'

14-02-2024T20:10:56 - [TEST_STEP][PASSED] - setText(findTestObject("Object Repository/registerpage/usernameregister.EditText"), "kelinci", 10): Text 'kelinci' has been set to element 'Object Repository/registerpage/usernameregister.EditText'

14-02-2024T20:11:00 - [MESSAGE][PASSED] - Text 'kelinci' has been set to element 'Object Repository/registerpage/usernameregister.EditText'

14-02-2024T20:11:00 - [TEST_STEP][PASSED] - setText(findTestObject("Object Repository/registerpage/emailregister.EditText"), "kelinci@gmail.com", 10): Text 'kelinci@gmail.com' has been set to element 'Object Repository/registerpage/emailregister.EditText'

14-02-2024T20:11:03 - [MESSAGE][PASSED] - Text 'kelinci@gmail.com' has been set to element 'Object Repository/registerpage/emailregister.EditText'

14-02-2024T20:11:03 - [TEST_STEP][PASSED] - setText(findTestObject("Object Repository/registerpage/passowrdregister.EditText"), "Kelinci1", 10): Text 'Kelinci1' has been set to element 'Object Repository/registerpage/passowrdregister.EditText'

14-02-2024T20:11:05 - [MESSAGE][PASSED] - Text 'Kelinci1' has been set to element 'Object Repository/registerpage/passowrdregister.EditText'

14-02-2024T20:11:05 - [TEST_STEP][PASSED] - setText(findTestObject("Object Repository/registerpage/confirmpassregister.EditText"), "Kelinci1", 10): Text 'Kelinci1' has been set to element 'Object Repository/registerpage/confirmpassregister.EditText'

14-02-2024T20:11:07 - [MESSAGE][PASSED] - Text 'Kelinci1' has been set to element 'Object Repository/registerpage/confirmpassregister.EditText'

14-02-2024T20:11:07 - [TEST_STEP][PASSED] - hideKeyboard(): Keyboard is hidden

14-02-2024T20:11:09 - [MESSAGE][PASSED] - Keyboard is hidden

14-02-2024T20:11:09 - [TEST_STEP][PASSED] - delay(1): Delayed 1 second(s)

14-02-2024T20:11:10 - [MESSAGE][PASSED] - Delayed 1 second(s)

14-02-2024T20:11:10 - [TEST_STEP][PASSED] - scrollToText("REGISTER"): Scrolling to text 'REGISTER' successfully

14-02-2024T20:11:14 - [MESSAGE][PASSED] - Scrolling to text 'REGISTER' successfully

14-02-2024T20:11:14 - [TEST_STEP][PASSED] - tap(findTestObject("Object Repository/registerpage/Button - REGISTER"), 10): Tapped on element 'Object Repository/registerpage/Button - REGISTER'

14-02-2024T20:11:15 - [MESSAGE][PASSED] - Tapped on element 'Object Repository/registerpage/Button - REGISTER'

14-02-2024T20:11:15 - [TEST_STEP][PASSED] - delay(2): Delayed 2 second(s)

14-02-2024T20:11:17 - [MESSAGE][PASSED] - Delayed 2 second(s)

14-02-2024T20:11:17 - [TEST_STEP][PASSED] - closeApplication(): Close app successfully

14-02-2024T20:11:19 - [MESSAGE][PASSED] - Close app successfully]]></system-out>
         <system-err><![CDATA[]]></system-err>
      </testcase>
      <system-out><![CDATA[14-02-2024T20:08:41 - [TEST_SUITE][PASSED] - TS Account Management Negative: Test Cases/Negative Case/TCN002 - Register Gagal]]></system-out>
      <system-err><![CDATA[]]></system-err>
   </testsuite>
</testsuites>
